<?xml version="1.0" encoding="UTF-8"?>
<!-- Generated by org.testng.reporters.JUnitReportReporter -->
<testsuite skipped="0" hostname="HDC3-L-128FX5H" name="com.accenture.APITestingFrameWork.testCases.ListAllCustomersTest" tests="1" failures="0" timestamp="2021-09-20T16:02:27 IST" time="1.642" errors="0">
  <testcase name="listAllCustomers" time="1.642" classname="com.accenture.APITestingFrameWork.testCases.ListAllCustomersTest"/>
  <system-out/>
</testsuite> <!-- com.accenture.APITestingFrameWork.testCases.ListAllCustomersTest -->
