<?xml version="1.0" encoding="UTF-8"?>
<!-- Generated by org.testng.reporters.JUnitReportReporter -->
<testsuite skipped="0" hostname="HDC3-L-128FX5H" name="com.accenture.APITestingFrameWork.testCases.UpdateCustomerTest" tests="3" failures="0" timestamp="2021-09-22T13:11:29 IST" time="1.844" errors="0">
  <testcase name="updateSingleCustomer" time="0.608" classname="com.accenture.APITestingFrameWork.testCases.UpdateCustomerTest"/>
  <system-out/>
  <testcase name="updateSingleCustomer" time="0.610" classname="com.accenture.APITestingFrameWork.testCases.UpdateCustomerTest"/>
  <system-out/>
  <testcase name="updateSingleCustomer" time="0.626" classname="com.accenture.APITestingFrameWork.testCases.UpdateCustomerTest"/>
  <system-out/>
</testsuite> <!-- com.accenture.APITestingFrameWork.testCases.UpdateCustomerTest -->
