<?xml version="1.0" encoding="UTF-8"?>
<!-- Generated by org.testng.reporters.JUnitReportReporter -->
<testsuite skipped="0" hostname="HDC3-L-128FX5H" name="com.accenture.APITestingFrameWork.testCases.GetCustomersTest" tests="5" failures="0" timestamp="2021-09-22T13:11:29 IST" time="2.517" errors="0">
  <testcase name="listAllCustomers" time="0.593" classname="com.accenture.APITestingFrameWork.testCases.GetCustomersTest"/>
  <system-out/>
  <testcase name="listSingleCustomer" time="0.474" classname="com.accenture.APITestingFrameWork.testCases.GetCustomersTest"/>
  <system-out/>
  <testcase name="listSingleCustomer" time="0.485" classname="com.accenture.APITestingFrameWork.testCases.GetCustomersTest"/>
  <system-out/>
  <testcase name="listSingleCustomer" time="0.474" classname="com.accenture.APITestingFrameWork.testCases.GetCustomersTest"/>
  <system-out/>
  <testcase name="listSingleCustomer" time="0.491" classname="com.accenture.APITestingFrameWork.testCases.GetCustomersTest"/>
  <system-out/>
</testsuite> <!-- com.accenture.APITestingFrameWork.testCases.GetCustomersTest -->
