<?xml version="1.0" encoding="UTF-8"?>
<!-- Generated by org.testng.reporters.JUnitReportReporter -->
<testsuite skipped="0" hostname="HDC3-L-128FX5H" name="com.accenture.APITestingFrameWork.testCases.GetCustomersTest" tests="5" failures="0" timestamp="2021-09-23T17:20:16 IST" time="3.376" errors="0">
  <testcase name="listAllCustomers" time="1.304" classname="com.accenture.APITestingFrameWork.testCases.GetCustomersTest"/>
  <system-out/>
  <testcase name="listSingleCustomer" time="0.517" classname="com.accenture.APITestingFrameWork.testCases.GetCustomersTest"/>
  <system-out/>
  <testcase name="listSingleCustomer" time="0.512" classname="com.accenture.APITestingFrameWork.testCases.GetCustomersTest"/>
  <system-out/>
  <testcase name="listSingleCustomer" time="0.529" classname="com.accenture.APITestingFrameWork.testCases.GetCustomersTest"/>
  <system-out/>
  <testcase name="listSingleCustomer" time="0.514" classname="com.accenture.APITestingFrameWork.testCases.GetCustomersTest"/>
  <system-out/>
</testsuite> <!-- com.accenture.APITestingFrameWork.testCases.GetCustomersTest -->
