<?xml version="1.0" encoding="UTF-8"?>
<!-- Generated by org.testng.reporters.JUnitReportReporter -->
<testsuite skipped="0" hostname="HDC3-L-128FX5H" name="com.accenture.APITestingFrameWork.testCases.UpdateCustomerTest" tests="3" failures="0" timestamp="2021-09-23T17:20:16 IST" time="1.969" errors="0">
  <testcase name="updateSingleCustomer" time="0.681" classname="com.accenture.APITestingFrameWork.testCases.UpdateCustomerTest"/>
  <system-out/>
  <testcase name="updateSingleCustomer" time="0.638" classname="com.accenture.APITestingFrameWork.testCases.UpdateCustomerTest"/>
  <system-out/>
  <testcase name="updateSingleCustomer" time="0.650" classname="com.accenture.APITestingFrameWork.testCases.UpdateCustomerTest"/>
  <system-out/>
</testsuite> <!-- com.accenture.APITestingFrameWork.testCases.UpdateCustomerTest -->
